<?xml version="1.0" encoding="UTF-8"?>
<testng-results ignored="0" total="4" passed="3" failed="1" skipped="0">
  <reporter-output>
  </reporter-output>
  <suite started-at="2021-03-27T10:09:30 CET" name="All Test Suite" finished-at="2021-03-27T10:09:52 CET" duration-ms="21693">
    <groups>
    </groups>
    <test started-at="2021-03-27T10:09:30 CET" name="valdateNavigation" finished-at="2021-03-27T10:09:45 CET" duration-ms="14186">
      <class name="sk.ivanmolcan.ValidateNavigationBar">
        <test-method is-config="true" signature="initialize()[pri:0, instance:sk.ivanmolcan.ValidateNavigationBar@339bf286]" started-at="2021-03-27T10:09:30 CET" name="initialize" finished-at="2021-03-27T10:09:43 CET" duration-ms="12208" status="PASS">
          <reporter-output>
          </reporter-output>
        </test-method> <!-- initialize -->
        <test-method signature="baseTitle()[pri:0, instance:sk.ivanmolcan.ValidateNavigationBar@339bf286]" started-at="2021-03-27T10:09:43 CET" name="baseTitle" finished-at="2021-03-27T10:09:43 CET" duration-ms="646" status="PASS">
          <reporter-output>
          </reporter-output>
        </test-method> <!-- baseTitle -->
        <test-method is-config="true" signature="teardown()[pri:0, instance:sk.ivanmolcan.ValidateNavigationBar@339bf286]" started-at="2021-03-27T10:09:43 CET" name="teardown" finished-at="2021-03-27T10:09:45 CET" duration-ms="1324" status="PASS">
          <reporter-output>
          </reporter-output>
        </test-method> <!-- teardown -->
      </class> <!-- sk.ivanmolcan.ValidateNavigationBar -->
    </test> <!-- valdateNavigation -->
    <test started-at="2021-03-27T10:09:30 CET" name="validateTitle" finished-at="2021-03-27T10:09:45 CET" duration-ms="14318">
      <class name="sk.ivanmolcan.ValidateTitle">
        <test-method is-config="true" signature="initialize()[pri:0, instance:sk.ivanmolcan.ValidateTitle@275fe372]" started-at="2021-03-27T10:09:30 CET" name="initialize" finished-at="2021-03-27T10:09:42 CET" duration-ms="11469" status="PASS">
          <reporter-output>
          </reporter-output>
        </test-method> <!-- initialize -->
        <test-method signature="validateTitleApp()[pri:0, instance:sk.ivanmolcan.ValidateTitle@275fe372]" started-at="2021-03-27T10:09:42 CET" name="validateTitleApp" finished-at="2021-03-27T10:09:43 CET" duration-ms="1143" status="FAIL">
          <exception class="java.lang.AssertionError">
            <message>
              <![CDATA[expected [featured courses111] but found [featured courses]]]>
            </message>
            <full-stacktrace>
              <![CDATA[java.lang.AssertionError: expected [featured courses111] but found [featured courses]
at org.testng.Assert.fail(Assert.java:99)
at org.testng.Assert.failNotEquals(Assert.java:1037)
at org.testng.Assert.assertEqualsImpl(Assert.java:140)
at org.testng.Assert.assertEquals(Assert.java:122)
at org.testng.Assert.assertEquals(Assert.java:629)
at org.testng.Assert.assertEquals(Assert.java:639)
at sk.ivanmolcan.ValidateTitle.validateTitleApp(ValidateTitle.java:30)
at java.base/jdk.internal.reflect.NativeMethodAccessorImpl.invoke0(Native Method)
at java.base/jdk.internal.reflect.NativeMethodAccessorImpl.invoke(NativeMethodAccessorImpl.java:64)
at java.base/jdk.internal.reflect.DelegatingMethodAccessorImpl.invoke(DelegatingMethodAccessorImpl.java:43)
at java.base/java.lang.reflect.Method.invoke(Method.java:564)
at org.testng.internal.MethodInvocationHelper.invokeMethod(MethodInvocationHelper.java:133)
at org.testng.internal.TestInvoker.invokeMethod(TestInvoker.java:598)
at org.testng.internal.TestInvoker.invokeTestMethod(TestInvoker.java:173)
at org.testng.internal.MethodRunner.runInSequence(MethodRunner.java:46)
at org.testng.internal.TestInvoker$MethodInvocationAgent.invoke(TestInvoker.java:824)
at org.testng.internal.TestInvoker.invokeTestMethods(TestInvoker.java:146)
at org.testng.internal.TestMethodWorker.invokeTestMethods(TestMethodWorker.java:146)
at org.testng.internal.TestMethodWorker.run(TestMethodWorker.java:128)
at java.base/java.util.ArrayList.forEach(ArrayList.java:1511)
at org.testng.TestRunner.privateRun(TestRunner.java:794)
at org.testng.TestRunner.run(TestRunner.java:596)
at org.testng.SuiteRunner.runTest(SuiteRunner.java:377)
at org.testng.SuiteRunner.access$000(SuiteRunner.java:28)
at org.testng.SuiteRunner$SuiteWorker.run(SuiteRunner.java:418)
at org.testng.internal.thread.ThreadUtil.lambda$execute$0(ThreadUtil.java:64)
at java.base/java.util.concurrent.FutureTask.run(FutureTask.java:264)
at java.base/java.util.concurrent.ThreadPoolExecutor.runWorker(ThreadPoolExecutor.java:1130)
at java.base/java.util.concurrent.ThreadPoolExecutor$Worker.run(ThreadPoolExecutor.java:630)
at java.base/java.lang.Thread.run(Thread.java:832)
]]>
            </full-stacktrace>
          </exception> <!-- java.lang.AssertionError -->
          <reporter-output>
          </reporter-output>
        </test-method> <!-- validateTitleApp -->
        <test-method is-config="true" signature="teardown()[pri:0, instance:sk.ivanmolcan.ValidateTitle@275fe372]" started-at="2021-03-27T10:09:44 CET" name="teardown" finished-at="2021-03-27T10:09:45 CET" duration-ms="656" status="PASS">
          <reporter-output>
          </reporter-output>
        </test-method> <!-- teardown -->
      </class> <!-- sk.ivanmolcan.ValidateTitle -->
    </test> <!-- validateTitle -->
    <test started-at="2021-03-27T10:09:30 CET" name="D:/Doc/Programovanie/Automation Testing/Udemy/Rahul/Projects/E2EProject/src/test" finished-at="2021-03-27T10:09:52 CET" duration-ms="21693">
      <class name="sk.ivanmolcan.HomePage">
        <test-method is-config="true" signature="initialize()[pri:0, instance:sk.ivanmolcan.HomePage@652a7737]" started-at="2021-03-27T10:09:30 CET" name="initialize" finished-at="2021-03-27T10:09:37 CET" duration-ms="7005" status="PASS">
          <reporter-output>
          </reporter-output>
        </test-method> <!-- initialize -->
        <test-method signature="basePageNavigation(java.lang.String,java.lang.String)[pri:0, instance:sk.ivanmolcan.HomePage@652a7737]" started-at="2021-03-27T10:09:37 CET" name="basePageNavigation" data-provider="getData" finished-at="2021-03-27T10:09:48 CET" duration-ms="10844" status="PASS">
          <params>
            <param index="0">
              <value>
                <![CDATA[nonrestricteduser@qw.com]]>
              </value>
            </param>
            <param index="1">
              <value>
                <![CDATA[123456]]>
              </value>
            </param>
          </params>
          <reporter-output>
          </reporter-output>
        </test-method> <!-- basePageNavigation -->
        <test-method signature="basePageNavigation(java.lang.String,java.lang.String)[pri:0, instance:sk.ivanmolcan.HomePage@652a7737]" started-at="2021-03-27T10:09:48 CET" name="basePageNavigation" data-provider="getData" finished-at="2021-03-27T10:09:52 CET" duration-ms="3613" status="PASS">
          <params>
            <param index="0">
              <value>
                <![CDATA[restricteduser@qw.com]]>
              </value>
            </param>
            <param index="1">
              <value>
                <![CDATA[654321]]>
              </value>
            </param>
          </params>
          <reporter-output>
          </reporter-output>
        </test-method> <!-- basePageNavigation -->
        <test-method is-config="true" signature="teardown()[pri:0, instance:sk.ivanmolcan.HomePage@652a7737]" started-at="2021-03-27T10:09:52 CET" name="teardown" finished-at="2021-03-27T10:09:52 CET" duration-ms="198" status="PASS">
          <reporter-output>
          </reporter-output>
        </test-method> <!-- teardown -->
      </class> <!-- sk.ivanmolcan.HomePage -->
    </test> <!-- D:/Doc/Programovanie/Automation Testing/Udemy/Rahul/Projects/E2EProject/src/test -->
  </suite> <!-- All Test Suite -->
</testng-results>
